[2018-07-29 14:52:59.885] [jointLog] [info] parsing read library format
[2018-07-29 14:52:59.885] [jointLog] [info] There is 1 library.
[2018-07-29 14:52:59.938] [jointLog] [info] Loading Quasi index
[2018-07-29 14:52:59.938] [jointLog] [info] Loading 32-bit quasi index
[2018-07-29 14:53:24.996] [jointLog] [info] done
[2018-07-29 14:53:24.996] [jointLog] [info] Index contained 107368 targets
[2018-07-29 14:53:25.372] [jointLog] [info] Automatically detected most likely library type as IU
[2018-07-29 14:54:13.781] [fileLog] [info] 
At end of round 0
==================
Observed 18054751 total fragments (18054751 in most recent round)

[2018-07-29 14:54:13.780] [jointLog] [info] Computed 194950 rich equivalence classes for further processing
[2018-07-29 14:54:13.780] [jointLog] [info] Counted 14849147 total reads in the equivalence classes 
[2018-07-29 14:54:13.942] [jointLog] [info] Mapping rate = 82.2451%

[2018-07-29 14:54:13.942] [jointLog] [info] finished quantifyLibrary()
[2018-07-29 14:54:13.949] [jointLog] [info] Starting optimizer
[2018-07-29 14:54:14.024] [jointLog] [info] Marked 0 weighted equivalence classes as degenerate
[2018-07-29 14:54:14.032] [jointLog] [info] iteration = 0 | max rel diff. = 37.6895
[2018-07-29 14:54:14.811] [jointLog] [info] iteration = 100 | max rel diff. = 0.110812
[2018-07-29 14:54:15.588] [jointLog] [info] iteration = 200 | max rel diff. = 0.0536547
[2018-07-29 14:54:16.366] [jointLog] [info] iteration = 300 | max rel diff. = 0.05841
[2018-07-29 14:54:17.145] [jointLog] [info] iteration = 400 | max rel diff. = 0.0260668
[2018-07-29 14:54:17.921] [jointLog] [info] iteration = 500 | max rel diff. = 0.0218173
[2018-07-29 14:54:18.700] [jointLog] [info] iteration = 600 | max rel diff. = 0.0179573
[2018-07-29 14:54:19.474] [jointLog] [info] iteration = 700 | max rel diff. = 0.0164499
[2018-07-29 14:54:20.250] [jointLog] [info] iteration = 800 | max rel diff. = 0.0147031
[2018-07-29 14:54:21.029] [jointLog] [info] iteration = 900 | max rel diff. = 0.0118167
[2018-07-29 14:54:21.803] [jointLog] [info] iteration = 1000 | max rel diff. = 0.0114678
[2018-07-29 14:54:22.440] [jointLog] [info] iteration = 1083 | max rel diff. = 0.00964674
[2018-07-29 14:54:22.451] [jointLog] [info] Finished optimizer
[2018-07-29 14:54:22.451] [jointLog] [info] writing output 

