[2018-07-29 14:55:17.622] [jointLog] [info] parsing read library format
[2018-07-29 14:55:17.622] [jointLog] [info] There is 1 library.
[2018-07-29 14:55:17.675] [jointLog] [info] Loading Quasi index
[2018-07-29 14:55:17.675] [jointLog] [info] Loading 32-bit quasi index
[2018-07-29 14:55:47.091] [jointLog] [info] done
[2018-07-29 14:55:47.091] [jointLog] [info] Index contained 107368 targets
[2018-07-29 14:55:47.540] [jointLog] [info] Automatically detected most likely library type as IU
[2018-07-29 14:56:49.508] [jointLog] [info] Computed 212912 rich equivalence classes for further processing
[2018-07-29 14:56:49.508] [jointLog] [info] Counted 17149135 total reads in the equivalence classes 
[2018-07-29 14:56:49.509] [fileLog] [info] 
At end of round 0
==================
Observed 22073297 total fragments (22073297 in most recent round)

[2018-07-29 14:56:49.648] [jointLog] [info] Mapping rate = 77.6918%

[2018-07-29 14:56:49.648] [jointLog] [info] finished quantifyLibrary()
[2018-07-29 14:56:49.731] [jointLog] [info] Starting optimizer
[2018-07-29 14:56:49.810] [jointLog] [info] Marked 0 weighted equivalence classes as degenerate
[2018-07-29 14:56:49.818] [jointLog] [info] iteration = 0 | max rel diff. = 40.4048
[2018-07-29 14:56:50.551] [jointLog] [info] iteration = 100 | max rel diff. = 0.108117
[2018-07-29 14:56:51.286] [jointLog] [info] iteration = 200 | max rel diff. = 0.0504629
[2018-07-29 14:56:52.017] [jointLog] [info] iteration = 300 | max rel diff. = 0.0362696
[2018-07-29 14:56:52.748] [jointLog] [info] iteration = 400 | max rel diff. = 0.0268733
[2018-07-29 14:56:53.479] [jointLog] [info] iteration = 500 | max rel diff. = 0.0221418
[2018-07-29 14:56:54.209] [jointLog] [info] iteration = 600 | max rel diff. = 0.0202926
[2018-07-29 14:56:54.939] [jointLog] [info] iteration = 700 | max rel diff. = 0.0164999
[2018-07-29 14:56:55.672] [jointLog] [info] iteration = 800 | max rel diff. = 0.026153
[2018-07-29 14:56:56.404] [jointLog] [info] iteration = 900 | max rel diff. = 0.0120011
[2018-07-29 14:56:57.136] [jointLog] [info] iteration = 1000 | max rel diff. = 0.0113392
[2018-07-29 14:56:57.866] [jointLog] [info] iteration = 1100 | max rel diff. = 0.0107571
[2018-07-29 14:56:58.596] [jointLog] [info] iteration = 1200 | max rel diff. = 0.0106112
[2018-07-29 14:56:59.326] [jointLog] [info] iteration = 1300 | max rel diff. = 0.0106112
[2018-07-29 14:56:59.801] [jointLog] [info] iteration = 1366 | max rel diff. = 0.00778008
[2018-07-29 14:56:59.812] [jointLog] [info] Finished optimizer
[2018-07-29 14:56:59.812] [jointLog] [info] writing output 

