[2018-07-29 14:55:15.145] [jointLog] [info] parsing read library format
[2018-07-29 14:55:15.145] [jointLog] [info] There is 1 library.
[2018-07-29 14:55:15.240] [jointLog] [info] Loading Quasi index
[2018-07-29 14:55:15.242] [jointLog] [info] Loading 32-bit quasi index
[2018-07-29 14:55:41.083] [jointLog] [info] done
[2018-07-29 14:55:41.083] [jointLog] [info] Index contained 107368 targets
[2018-07-29 14:55:42.167] [jointLog] [info] Automatically detected most likely library type as IU
[2018-07-29 14:56:41.204] [jointLog] [info] Computed 205878 rich equivalence classes for further processing
[2018-07-29 14:56:41.204] [jointLog] [info] Counted 17451265 total reads in the equivalence classes 
[2018-07-29 14:56:41.205] [fileLog] [info] 
At end of round 0
==================
Observed 21987710 total fragments (21987710 in most recent round)

[2018-07-29 14:56:41.386] [jointLog] [info] Mapping rate = 79.3683%

[2018-07-29 14:56:41.386] [jointLog] [info] finished quantifyLibrary()
[2018-07-29 14:56:41.389] [jointLog] [info] Starting optimizer
[2018-07-29 14:56:41.466] [jointLog] [info] Marked 0 weighted equivalence classes as degenerate
[2018-07-29 14:56:41.474] [jointLog] [info] iteration = 0 | max rel diff. = 42.4848
[2018-07-29 14:56:42.262] [jointLog] [info] iteration = 100 | max rel diff. = 0.12561
[2018-07-29 14:56:43.051] [jointLog] [info] iteration = 200 | max rel diff. = 0.0522871
[2018-07-29 14:56:43.836] [jointLog] [info] iteration = 300 | max rel diff. = 0.0513725
[2018-07-29 14:56:44.624] [jointLog] [info] iteration = 400 | max rel diff. = 0.0279402
[2018-07-29 14:56:45.405] [jointLog] [info] iteration = 500 | max rel diff. = 0.0215186
[2018-07-29 14:56:46.189] [jointLog] [info] iteration = 600 | max rel diff. = 0.02022
[2018-07-29 14:56:46.975] [jointLog] [info] iteration = 700 | max rel diff. = 0.0158262
[2018-07-29 14:56:47.759] [jointLog] [info] iteration = 800 | max rel diff. = 0.013974
[2018-07-29 14:56:48.546] [jointLog] [info] iteration = 900 | max rel diff. = 0.0139019
[2018-07-29 14:56:49.327] [jointLog] [info] iteration = 1000 | max rel diff. = 0.0139019
[2018-07-29 14:56:50.089] [jointLog] [info] iteration = 1098 | max rel diff. = 0.0095928
[2018-07-29 14:56:50.100] [jointLog] [info] Finished optimizer
[2018-07-29 14:56:50.100] [jointLog] [info] writing output 

