[2021-02-13 23:15:33.836] [jointLog] [info] Fragment incompatibility prior below threshold.  Incompatible fragments will be ignored.
[2021-02-13 23:15:33.836] [jointLog] [info] Usage of --validateMappings implies use of minScoreFraction. Since not explicitly specified, it is being set to 0.65
[2021-02-13 23:15:33.837] [jointLog] [info] Usage of --validateMappings, without --hardFilter implies use of range factorization. rangeFactorizationBins is being set to 4
[2021-02-13 23:15:33.837] [jointLog] [info] Usage of --validateMappings implies a default consensus slack of 0.2. Setting consensusSlack to 0.2.
[2021-02-13 23:15:33.837] [jointLog] [info] parsing read library format
[2021-02-13 23:15:33.837] [jointLog] [info] There is 1 library.
[2021-02-13 23:15:33.941] [jointLog] [info] Loading Quasi index
[2021-02-13 23:15:33.942] [jointLog] [info] Loading 32-bit quasi index
[2021-02-13 23:15:57.578] [jointLog] [info] done
[2021-02-13 23:15:57.578] [jointLog] [info] Index contained 117,135 targets
[2021-02-13 23:15:59.275] [jointLog] [info] Automatically detected most likely library type as ISR
[2021-02-13 23:24:37.976] [jointLog] [info] Thread saw mini-batch with a maximum of 2.02% zero probability fragments
[2021-02-13 23:24:37.976] [jointLog] [info] Thread saw mini-batch with a maximum of 1.96% zero probability fragments
[2021-02-13 23:24:37.976] [jointLog] [info] Thread saw mini-batch with a maximum of 1.84% zero probability fragments
[2021-02-13 23:24:37.976] [jointLog] [info] Thread saw mini-batch with a maximum of 1.82% zero probability fragments
[2021-02-13 23:24:37.976] [jointLog] [info] Thread saw mini-batch with a maximum of 1.84% zero probability fragments
[2021-02-13 23:24:37.976] [jointLog] [info] Thread saw mini-batch with a maximum of 1.86% zero probability fragments
[2021-02-13 23:24:38.017] [jointLog] [info] Thread saw mini-batch with a maximum of 1.76% zero probability fragments
[2021-02-13 23:24:38.019] [jointLog] [info] Thread saw mini-batch with a maximum of 1.74% zero probability fragments
[2021-02-13 23:24:38.025] [jointLog] [info] Thread saw mini-batch with a maximum of 1.74% zero probability fragments
[2021-02-13 23:24:38.056] [jointLog] [info] Thread saw mini-batch with a maximum of 1.88% zero probability fragments
[2021-02-13 23:24:38.084] [jointLog] [info] Thread saw mini-batch with a maximum of 1.84% zero probability fragments
[2021-02-13 23:24:38.145] [jointLog] [info] Thread saw mini-batch with a maximum of 1.78% zero probability fragments
[2021-02-13 23:24:38.150] [jointLog] [info] Thread saw mini-batch with a maximum of 1.76% zero probability fragments
[2021-02-13 23:24:38.186] [jointLog] [info] Thread saw mini-batch with a maximum of 1.84% zero probability fragments
[2021-02-13 23:24:38.217] [jointLog] [info] Thread saw mini-batch with a maximum of 1.90% zero probability fragments
[2021-02-13 23:24:38.502] [jointLog] [info] Thread saw mini-batch with a maximum of 1.80% zero probability fragments
[2021-02-13 23:24:42.963] [jointLog] [info] Computed 347,511 rich equivalence classes for further processing
[2021-02-13 23:24:42.963] [jointLog] [info] Counted 17,222,986 total reads in the equivalence classes 
[2021-02-13 23:24:42.963] [fileLog] [info] 
At end of round 0
==================
Observed 35111073 total fragments (35111073 in most recent round)

[2021-02-13 23:24:43.445] [jointLog] [info] Number of mappings discarded because of alignment score : 274,384
[2021-02-13 23:24:43.445] [jointLog] [info] Number of fragments entirely discarded because of alignment score : 48,379
[2021-02-13 23:24:43.445] [jointLog] [info] Number of fragments discarded because they are best-mapped to decoys : 0
[2021-02-13 23:24:43.445] [jointLog] [info] Number of fragments discarded because they have only dovetail (discordant) mappings : 15,747
[2021-02-13 23:24:43.445] [jointLog] [info] Mapping rate = 49.0529%

[2021-02-13 23:24:43.445] [jointLog] [info] finished quantifyLibrary()
[2021-02-13 23:24:43.471] [jointLog] [info] Starting optimizer
[2021-02-13 23:24:44.815] [jointLog] [info] Marked 0 weighted equivalence classes as degenerate
[2021-02-13 23:24:44.899] [jointLog] [info] iteration = 0 | max rel diff. = 9186.59
[2021-02-13 23:24:53.541] [jointLog] [info] iteration = 100 | max rel diff. = 13.1213
[2021-02-13 23:25:03.608] [jointLog] [info] iteration = 200 | max rel diff. = 14.0101
[2021-02-13 23:25:12.691] [jointLog] [info] iteration = 300 | max rel diff. = 2.6965
[2021-02-13 23:25:25.231] [jointLog] [info] iteration = 400 | max rel diff. = 0.185907
[2021-02-13 23:25:37.672] [jointLog] [info] iteration = 500 | max rel diff. = 0.625189
[2021-02-13 23:25:50.040] [jointLog] [info] iteration = 600 | max rel diff. = 0.350303
[2021-02-13 23:26:02.457] [jointLog] [info] iteration = 700 | max rel diff. = 0.144732
[2021-02-13 23:26:14.998] [jointLog] [info] iteration = 800 | max rel diff. = 4.36421
[2021-02-13 23:26:27.548] [jointLog] [info] iteration = 900 | max rel diff. = 0.113197
[2021-02-13 23:26:39.856] [jointLog] [info] iteration = 1,000 | max rel diff. = 10.6915
[2021-02-13 23:26:52.226] [jointLog] [info] iteration = 1,100 | max rel diff. = 0.236399
[2021-02-13 23:27:04.590] [jointLog] [info] iteration = 1,200 | max rel diff. = 0.469393
[2021-02-13 23:27:15.723] [jointLog] [info] iteration = 1,300 | max rel diff. = 0.115289
[2021-02-13 23:27:25.042] [jointLog] [info] iteration = 1,400 | max rel diff. = 0.0382228
[2021-02-13 23:27:34.573] [jointLog] [info] iteration = 1,500 | max rel diff. = 0.0413583
[2021-02-13 23:27:45.025] [jointLog] [info] iteration = 1,600 | max rel diff. = 0.24212
[2021-02-13 23:27:54.058] [jointLog] [info] iteration = 1,700 | max rel diff. = 0.261214
[2021-02-13 23:28:00.908] [jointLog] [info] iteration = 1,777 | max rel diff. = 0.00777142
[2021-02-13 23:28:00.956] [jointLog] [info] Finished optimizer
[2021-02-13 23:28:00.956] [jointLog] [info] writing output 

