[2018-07-29 14:44:01.843] [jointLog] [info] parsing read library format
[2018-07-29 14:44:01.843] [jointLog] [info] There is 1 library.
[2018-07-29 14:44:01.897] [jointLog] [info] Loading Quasi index
[2018-07-29 14:44:01.897] [jointLog] [info] Loading 32-bit quasi index
[2018-07-29 14:44:26.732] [jointLog] [info] done
[2018-07-29 14:44:26.732] [jointLog] [info] Index contained 107368 targets
[2018-07-29 14:44:27.096] [jointLog] [info] Automatically detected most likely library type as IU
[2018-07-29 14:45:17.856] [jointLog] [info] Computed 187081 rich equivalence classes for further processing
[2018-07-29 14:45:17.856] [jointLog] [info] Counted 16144159 total reads in the equivalence classes 
[2018-07-29 14:45:17.937] [jointLog] [info] Mapping rate = 88.4108%

[2018-07-29 14:45:17.937] [jointLog] [info] finished quantifyLibrary()
[2018-07-29 14:45:17.944] [jointLog] [info] Starting optimizer
[2018-07-29 14:45:18.018] [jointLog] [info] Marked 0 weighted equivalence classes as degenerate
[2018-07-29 14:45:18.025] [jointLog] [info] iteration = 0 | max rel diff. = 40.7123
[2018-07-29 14:45:17.857] [fileLog] [info] 
At end of round 0
==================
Observed 18260394 total fragments (18260394 in most recent round)

[2018-07-29 14:45:18.726] [jointLog] [info] iteration = 100 | max rel diff. = 0.125812
[2018-07-29 14:45:19.420] [jointLog] [info] iteration = 200 | max rel diff. = 0.0760237
[2018-07-29 14:45:20.118] [jointLog] [info] iteration = 300 | max rel diff. = 0.0383945
[2018-07-29 14:45:20.812] [jointLog] [info] iteration = 400 | max rel diff. = 0.0287115
[2018-07-29 14:45:21.507] [jointLog] [info] iteration = 500 | max rel diff. = 0.0203793
[2018-07-29 14:45:22.205] [jointLog] [info] iteration = 600 | max rel diff. = 0.0187016
[2018-07-29 14:45:22.899] [jointLog] [info] iteration = 700 | max rel diff. = 0.0388947
[2018-07-29 14:45:23.597] [jointLog] [info] iteration = 800 | max rel diff. = 0.0133577
[2018-07-29 14:45:24.293] [jointLog] [info] iteration = 900 | max rel diff. = 0.012796
[2018-07-29 14:45:24.988] [jointLog] [info] iteration = 1000 | max rel diff. = 0.0110766
[2018-07-29 14:45:25.681] [jointLog] [info] iteration = 1100 | max rel diff. = 0.0110766
[2018-07-29 14:45:25.874] [jointLog] [info] iteration = 1129 | max rel diff. = 0.00912259
[2018-07-29 14:45:25.884] [jointLog] [info] Finished optimizer
[2018-07-29 14:45:25.884] [jointLog] [info] writing output 

