[2018-07-29 14:55:20.331] [jointLog] [info] parsing read library format
[2018-07-29 14:55:20.331] [jointLog] [info] There is 1 library.
[2018-07-29 14:55:20.390] [jointLog] [info] Loading Quasi index
[2018-07-29 14:55:20.390] [jointLog] [info] Loading 32-bit quasi index
[2018-07-29 14:55:45.193] [jointLog] [info] done
[2018-07-29 14:55:45.193] [jointLog] [info] Index contained 107368 targets
[2018-07-29 14:55:45.662] [jointLog] [info] Automatically detected most likely library type as IU
[2018-07-29 14:56:40.769] [jointLog] [info] Computed 208208 rich equivalence classes for further processing
[2018-07-29 14:56:40.769] [jointLog] [info] Counted 16214961 total reads in the equivalence classes 
[2018-07-29 14:56:40.898] [jointLog] [info] Mapping rate = 77.91%

[2018-07-29 14:56:40.898] [jointLog] [info] finished quantifyLibrary()
[2018-07-29 14:56:40.769] [fileLog] [info] 
At end of round 0
==================
Observed 20812426 total fragments (20812426 in most recent round)

[2018-07-29 14:56:40.900] [jointLog] [info] Starting optimizer
[2018-07-29 14:56:40.981] [jointLog] [info] Marked 0 weighted equivalence classes as degenerate
[2018-07-29 14:56:40.988] [jointLog] [info] iteration = 0 | max rel diff. = 38.8101
[2018-07-29 14:56:41.711] [jointLog] [info] iteration = 100 | max rel diff. = 0.147314
[2018-07-29 14:56:42.436] [jointLog] [info] iteration = 200 | max rel diff. = 0.0517862
[2018-07-29 14:56:43.157] [jointLog] [info] iteration = 300 | max rel diff. = 0.0349864
[2018-07-29 14:56:43.878] [jointLog] [info] iteration = 400 | max rel diff. = 0.0279385
[2018-07-29 14:56:44.600] [jointLog] [info] iteration = 500 | max rel diff. = 0.0690735
[2018-07-29 14:56:45.324] [jointLog] [info] iteration = 600 | max rel diff. = 0.0192361
[2018-07-29 14:56:46.045] [jointLog] [info] iteration = 700 | max rel diff. = 0.0152228
[2018-07-29 14:56:46.764] [jointLog] [info] iteration = 800 | max rel diff. = 0.015223
[2018-07-29 14:56:47.487] [jointLog] [info] iteration = 900 | max rel diff. = 0.0129919
[2018-07-29 14:56:48.207] [jointLog] [info] iteration = 1000 | max rel diff. = 0.0129919
[2018-07-29 14:56:48.926] [jointLog] [info] iteration = 1100 | max rel diff. = 0.0129919
[2018-07-29 14:56:49.208] [jointLog] [info] iteration = 1140 | max rel diff. = 0.00950676
[2018-07-29 14:56:49.219] [jointLog] [info] Finished optimizer
[2018-07-29 14:56:49.219] [jointLog] [info] writing output 

