[2018-07-29 14:48:30.788] [jointLog] [info] parsing read library format
[2018-07-29 14:48:30.788] [jointLog] [info] There is 1 library.
[2018-07-29 14:48:30.849] [jointLog] [info] Loading Quasi index
[2018-07-29 14:48:30.849] [jointLog] [info] Loading 32-bit quasi index
[2018-07-29 14:48:55.179] [jointLog] [info] done
[2018-07-29 14:48:55.179] [jointLog] [info] Index contained 107368 targets
[2018-07-29 14:48:55.544] [jointLog] [info] Automatically detected most likely library type as IU
[2018-07-29 14:49:51.146] [fileLog] [info] 
At end of round 0
==================
Observed 19783361 total fragments (19783361 in most recent round)

[2018-07-29 14:49:51.145] [jointLog] [info] Computed 183019 rich equivalence classes for further processing
[2018-07-29 14:49:51.145] [jointLog] [info] Counted 17189943 total reads in the equivalence classes 
[2018-07-29 14:49:51.240] [jointLog] [info] Mapping rate = 86.8909%

[2018-07-29 14:49:51.240] [jointLog] [info] finished quantifyLibrary()
[2018-07-29 14:49:51.243] [jointLog] [info] Starting optimizer
[2018-07-29 14:49:51.323] [jointLog] [info] Marked 0 weighted equivalence classes as degenerate
[2018-07-29 14:49:51.330] [jointLog] [info] iteration = 0 | max rel diff. = 43.8318
[2018-07-29 14:49:52.010] [jointLog] [info] iteration = 100 | max rel diff. = 0.152629
[2018-07-29 14:49:52.684] [jointLog] [info] iteration = 200 | max rel diff. = 0.112573
[2018-07-29 14:49:53.356] [jointLog] [info] iteration = 300 | max rel diff. = 0.0380512
[2018-07-29 14:49:54.029] [jointLog] [info] iteration = 400 | max rel diff. = 0.0280984
[2018-07-29 14:49:54.702] [jointLog] [info] iteration = 500 | max rel diff. = 0.0227081
[2018-07-29 14:49:55.377] [jointLog] [info] iteration = 600 | max rel diff. = 0.0177785
[2018-07-29 14:49:56.048] [jointLog] [info] iteration = 700 | max rel diff. = 0.0154688
[2018-07-29 14:49:56.724] [jointLog] [info] iteration = 800 | max rel diff. = 0.0191272
[2018-07-29 14:49:57.400] [jointLog] [info] iteration = 900 | max rel diff. = 0.0131715
[2018-07-29 14:49:58.072] [jointLog] [info] iteration = 1000 | max rel diff. = 0.011534
[2018-07-29 14:49:58.744] [jointLog] [info] iteration = 1100 | max rel diff. = 0.011534
[2018-07-29 14:49:59.419] [jointLog] [info] iteration = 1200 | max rel diff. = 0.011534
[2018-07-29 14:49:59.459] [jointLog] [info] iteration = 1207 | max rel diff. = 0.00844286
[2018-07-29 14:49:59.470] [jointLog] [info] Finished optimizer
[2018-07-29 14:49:59.470] [jointLog] [info] writing output 

