[2018-07-29 14:53:02.928] [jointLog] [info] parsing read library format
[2018-07-29 14:53:02.928] [jointLog] [info] There is 1 library.
[2018-07-29 14:53:02.985] [jointLog] [info] Loading Quasi index
[2018-07-29 14:53:02.985] [jointLog] [info] Loading 32-bit quasi index
[2018-07-29 14:53:30.021] [jointLog] [info] done
[2018-07-29 14:53:30.021] [jointLog] [info] Index contained 107368 targets
[2018-07-29 14:53:30.441] [jointLog] [info] Automatically detected most likely library type as IU
[2018-07-29 14:54:29.656] [fileLog] [info] 
At end of round 0
==================
Observed 20515017 total fragments (20515017 in most recent round)

[2018-07-29 14:54:29.656] [jointLog] [info] Computed 197059 rich equivalence classes for further processing
[2018-07-29 14:54:29.656] [jointLog] [info] Counted 16942080 total reads in the equivalence classes 
[2018-07-29 14:54:29.820] [jointLog] [info] Mapping rate = 82.5838%

[2018-07-29 14:54:29.820] [jointLog] [info] finished quantifyLibrary()
[2018-07-29 14:54:29.834] [jointLog] [info] Starting optimizer
[2018-07-29 14:54:29.922] [jointLog] [info] Marked 0 weighted equivalence classes as degenerate
[2018-07-29 14:54:29.930] [jointLog] [info] iteration = 0 | max rel diff. = 40.9358
[2018-07-29 14:54:30.717] [jointLog] [info] iteration = 100 | max rel diff. = 0.175203
[2018-07-29 14:54:31.502] [jointLog] [info] iteration = 200 | max rel diff. = 0.0502481
[2018-07-29 14:54:32.284] [jointLog] [info] iteration = 300 | max rel diff. = 0.0380909
[2018-07-29 14:54:33.064] [jointLog] [info] iteration = 400 | max rel diff. = 0.0270011
[2018-07-29 14:54:33.846] [jointLog] [info] iteration = 500 | max rel diff. = 0.0225323
[2018-07-29 14:54:34.629] [jointLog] [info] iteration = 600 | max rel diff. = 0.0183776
[2018-07-29 14:54:35.412] [jointLog] [info] iteration = 700 | max rel diff. = 0.0548964
[2018-07-29 14:54:36.194] [jointLog] [info] iteration = 800 | max rel diff. = 0.0140099
[2018-07-29 14:54:36.975] [jointLog] [info] iteration = 900 | max rel diff. = 0.0114301
[2018-07-29 14:54:37.757] [jointLog] [info] iteration = 1000 | max rel diff. = 0.0109962
[2018-07-29 14:54:38.541] [jointLog] [info] iteration = 1100 | max rel diff. = 0.0109962
[2018-07-29 14:54:39.324] [jointLog] [info] iteration = 1200 | max rel diff. = 0.0109962
[2018-07-29 14:54:40.107] [jointLog] [info] iteration = 1300 | max rel diff. = 0.0109962
[2018-07-29 14:54:40.341] [jointLog] [info] iteration = 1331 | max rel diff. = 0.00874317
[2018-07-29 14:54:40.357] [jointLog] [info] Finished optimizer
[2018-07-29 14:54:40.357] [jointLog] [info] writing output 

