[2018-07-29 14:41:52.472] [jointLog] [info] parsing read library format
[2018-07-29 14:41:52.472] [jointLog] [info] There is 1 library.
[2018-07-29 14:41:52.525] [jointLog] [info] Loading Quasi index
[2018-07-29 14:41:52.525] [jointLog] [info] Loading 32-bit quasi index
[2018-07-29 14:42:19.992] [jointLog] [info] done
[2018-07-29 14:42:19.992] [jointLog] [info] Index contained 107368 targets
[2018-07-29 14:42:20.371] [jointLog] [info] Automatically detected most likely library type as IU
[2018-07-29 14:43:13.412] [fileLog] [info] 
At end of round 0
==================
Observed 19087484 total fragments (19087484 in most recent round)

[2018-07-29 14:43:13.411] [jointLog] [info] Computed 177622 rich equivalence classes for further processing
[2018-07-29 14:43:13.411] [jointLog] [info] Counted 17077483 total reads in the equivalence classes 
[2018-07-29 14:43:13.487] [jointLog] [info] Mapping rate = 89.4695%

[2018-07-29 14:43:13.487] [jointLog] [info] finished quantifyLibrary()
[2018-07-29 14:43:13.500] [jointLog] [info] Starting optimizer
[2018-07-29 14:43:13.572] [jointLog] [info] Marked 0 weighted equivalence classes as degenerate
[2018-07-29 14:43:13.579] [jointLog] [info] iteration = 0 | max rel diff. = 44.3333
[2018-07-29 14:43:14.250] [jointLog] [info] iteration = 100 | max rel diff. = 0.107304
[2018-07-29 14:43:14.920] [jointLog] [info] iteration = 200 | max rel diff. = 0.0545207
[2018-07-29 14:43:15.589] [jointLog] [info] iteration = 300 | max rel diff. = 0.0361748
[2018-07-29 14:43:16.260] [jointLog] [info] iteration = 400 | max rel diff. = 0.0265742
[2018-07-29 14:43:16.926] [jointLog] [info] iteration = 500 | max rel diff. = 0.0206314
[2018-07-29 14:43:17.594] [jointLog] [info] iteration = 600 | max rel diff. = 0.0179763
[2018-07-29 14:43:18.261] [jointLog] [info] iteration = 700 | max rel diff. = 0.0160954
[2018-07-29 14:43:18.927] [jointLog] [info] iteration = 800 | max rel diff. = 0.0142814
[2018-07-29 14:43:19.595] [jointLog] [info] iteration = 900 | max rel diff. = 0.0126327
[2018-07-29 14:43:20.262] [jointLog] [info] iteration = 1000 | max rel diff. = 0.0112971
[2018-07-29 14:43:20.925] [jointLog] [info] iteration = 1100 | max rel diff. = 0.0112972
[2018-07-29 14:43:20.959] [jointLog] [info] iteration = 1106 | max rel diff. = 0.00956221
[2018-07-29 14:43:20.970] [jointLog] [info] Finished optimizer
[2018-07-29 14:43:20.970] [jointLog] [info] writing output 

