[2018-07-29 14:55:12.594] [jointLog] [info] parsing read library format
[2018-07-29 14:55:12.594] [jointLog] [info] There is 1 library.
[2018-07-29 14:55:12.669] [jointLog] [info] Loading Quasi index
[2018-07-29 14:55:12.670] [jointLog] [info] Loading 32-bit quasi index
[2018-07-29 14:55:36.155] [jointLog] [info] done
[2018-07-29 14:55:36.155] [jointLog] [info] Index contained 107368 targets
[2018-07-29 14:55:36.747] [jointLog] [info] Automatically detected most likely library type as IU
[2018-07-29 14:56:28.122] [fileLog] [info] 
At end of round 0
==================
Observed 20399332 total fragments (20399332 in most recent round)

[2018-07-29 14:56:28.122] [jointLog] [info] Computed 201496 rich equivalence classes for further processing
[2018-07-29 14:56:28.122] [jointLog] [info] Counted 16121766 total reads in the equivalence classes 
[2018-07-29 14:56:28.357] [jointLog] [info] Mapping rate = 79.0309%

[2018-07-29 14:56:28.357] [jointLog] [info] finished quantifyLibrary()
[2018-07-29 14:56:28.379] [jointLog] [info] Starting optimizer
[2018-07-29 14:56:28.489] [jointLog] [info] Marked 0 weighted equivalence classes as degenerate
[2018-07-29 14:56:28.498] [jointLog] [info] iteration = 0 | max rel diff. = 39.6448
[2018-07-29 14:56:29.469] [jointLog] [info] iteration = 100 | max rel diff. = 0.102561
[2018-07-29 14:56:30.442] [jointLog] [info] iteration = 200 | max rel diff. = 0.0653563
[2018-07-29 14:56:31.415] [jointLog] [info] iteration = 300 | max rel diff. = 0.0440402
[2018-07-29 14:56:32.387] [jointLog] [info] iteration = 400 | max rel diff. = 0.0597864
[2018-07-29 14:56:33.360] [jointLog] [info] iteration = 500 | max rel diff. = 0.0225605
[2018-07-29 14:56:34.331] [jointLog] [info] iteration = 600 | max rel diff. = 0.0186729
[2018-07-29 14:56:35.301] [jointLog] [info] iteration = 700 | max rel diff. = 0.0159758
[2018-07-29 14:56:36.273] [jointLog] [info] iteration = 800 | max rel diff. = 0.0150359
[2018-07-29 14:56:37.241] [jointLog] [info] iteration = 900 | max rel diff. = 0.0140645
[2018-07-29 14:56:38.213] [jointLog] [info] iteration = 1000 | max rel diff. = 0.0140645
[2018-07-29 14:56:39.184] [jointLog] [info] iteration = 1100 | max rel diff. = 0.0105324
[2018-07-29 14:56:40.155] [jointLog] [info] iteration = 1200 | max rel diff. = 0.0105324
[2018-07-29 14:56:41.125] [jointLog] [info] iteration = 1300 | max rel diff. = 0.0105324
[2018-07-29 14:56:41.960] [jointLog] [info] iteration = 1387 | max rel diff. = 0.00839048
[2018-07-29 14:56:41.973] [jointLog] [info] Finished optimizer
[2018-07-29 14:56:41.973] [jointLog] [info] writing output 

