[2018-07-29 14:35:17.938] [jointLog] [info] parsing read library format
[2018-07-29 14:35:17.939] [jointLog] [info] There is 1 library.
[2018-07-29 14:35:18.018] [jointLog] [info] Loading Quasi index
[2018-07-29 14:35:18.021] [jointLog] [info] Loading 32-bit quasi index
[2018-07-29 14:35:43.215] [jointLog] [info] done
[2018-07-29 14:35:43.215] [jointLog] [info] Index contained 107368 targets
[2018-07-29 14:35:43.564] [jointLog] [info] Automatically detected most likely library type as IU
[2018-07-29 14:36:36.841] [jointLog] [info] Computed 178771 rich equivalence classes for further processing
[2018-07-29 14:36:36.841] [jointLog] [info] Counted 17330917 total reads in the equivalence classes 
[2018-07-29 14:36:36.842] [fileLog] [info] 
At end of round 0
==================
Observed 19923945 total fragments (19923945 in most recent round)

[2018-07-29 14:36:36.929] [jointLog] [info] Mapping rate = 86.9854%

[2018-07-29 14:36:36.929] [jointLog] [info] finished quantifyLibrary()
[2018-07-29 14:36:36.931] [jointLog] [info] Starting optimizer
[2018-07-29 14:36:37.019] [jointLog] [info] Marked 0 weighted equivalence classes as degenerate
[2018-07-29 14:36:37.025] [jointLog] [info] iteration = 0 | max rel diff. = 45.5184
[2018-07-29 14:36:37.711] [jointLog] [info] iteration = 100 | max rel diff. = 0.110304
[2018-07-29 14:36:38.375] [jointLog] [info] iteration = 200 | max rel diff. = 0.0780458
[2018-07-29 14:36:39.039] [jointLog] [info] iteration = 300 | max rel diff. = 0.0381351
[2018-07-29 14:36:39.703] [jointLog] [info] iteration = 400 | max rel diff. = 0.0358648
[2018-07-29 14:36:40.366] [jointLog] [info] iteration = 500 | max rel diff. = 0.0229547
[2018-07-29 14:36:41.024] [jointLog] [info] iteration = 600 | max rel diff. = 0.0178843
[2018-07-29 14:36:41.682] [jointLog] [info] iteration = 700 | max rel diff. = 0.0208585
[2018-07-29 14:36:42.342] [jointLog] [info] iteration = 800 | max rel diff. = 0.0144995
[2018-07-29 14:36:42.999] [jointLog] [info] iteration = 900 | max rel diff. = 0.0135499
[2018-07-29 14:36:43.659] [jointLog] [info] iteration = 1000 | max rel diff. = 0.0135499
[2018-07-29 14:36:44.319] [jointLog] [info] iteration = 1100 | max rel diff. = 0.0108922
[2018-07-29 14:36:44.576] [jointLog] [info] iteration = 1140 | max rel diff. = 0.008974
[2018-07-29 14:36:44.590] [jointLog] [info] Finished optimizer
[2018-07-29 14:36:44.590] [jointLog] [info] writing output 

