[2021-02-13 23:36:33.978] [jointLog] [info] Fragment incompatibility prior below threshold.  Incompatible fragments will be ignored.
[2021-02-13 23:36:33.978] [jointLog] [info] Usage of --validateMappings implies use of minScoreFraction. Since not explicitly specified, it is being set to 0.65
[2021-02-13 23:36:33.978] [jointLog] [info] Usage of --validateMappings, without --hardFilter implies use of range factorization. rangeFactorizationBins is being set to 4
[2021-02-13 23:36:33.978] [jointLog] [info] Usage of --validateMappings implies a default consensus slack of 0.2. Setting consensusSlack to 0.2.
[2021-02-13 23:36:33.978] [jointLog] [info] parsing read library format
[2021-02-13 23:36:33.978] [jointLog] [info] There is 1 library.
[2021-02-13 23:36:34.030] [jointLog] [info] Loading Quasi index
[2021-02-13 23:36:34.030] [jointLog] [info] Loading 32-bit quasi index
[2021-02-13 23:36:57.685] [jointLog] [info] done
[2021-02-13 23:36:57.685] [jointLog] [info] Index contained 117,135 targets
[2021-02-13 23:36:59.526] [jointLog] [info] Automatically detected most likely library type as ISR
[2021-02-13 23:46:16.495] [jointLog] [info] Thread saw mini-batch with a maximum of 1.78% zero probability fragments
[2021-02-13 23:46:16.495] [jointLog] [info] Thread saw mini-batch with a maximum of 1.70% zero probability fragments
[2021-02-13 23:46:16.495] [jointLog] [info] Thread saw mini-batch with a maximum of 1.74% zero probability fragments
[2021-02-13 23:46:16.495] [jointLog] [info] Thread saw mini-batch with a maximum of 1.72% zero probability fragments
[2021-02-13 23:46:16.496] [jointLog] [info] Thread saw mini-batch with a maximum of 1.66% zero probability fragments
[2021-02-13 23:46:16.496] [jointLog] [info] Thread saw mini-batch with a maximum of 1.66% zero probability fragments
[2021-02-13 23:46:16.541] [jointLog] [info] Thread saw mini-batch with a maximum of 1.90% zero probability fragments
[2021-02-13 23:46:16.559] [jointLog] [info] Thread saw mini-batch with a maximum of 1.72% zero probability fragments
[2021-02-13 23:46:16.632] [jointLog] [info] Thread saw mini-batch with a maximum of 1.68% zero probability fragments
[2021-02-13 23:46:16.645] [jointLog] [info] Thread saw mini-batch with a maximum of 1.78% zero probability fragments
[2021-02-13 23:46:16.683] [jointLog] [info] Thread saw mini-batch with a maximum of 1.74% zero probability fragments
[2021-02-13 23:46:16.684] [jointLog] [info] Thread saw mini-batch with a maximum of 1.82% zero probability fragments
[2021-02-13 23:46:16.696] [jointLog] [info] Thread saw mini-batch with a maximum of 1.70% zero probability fragments
[2021-02-13 23:46:16.723] [jointLog] [info] Thread saw mini-batch with a maximum of 1.70% zero probability fragments
[2021-02-13 23:46:16.726] [jointLog] [info] Thread saw mini-batch with a maximum of 1.78% zero probability fragments
[2021-02-13 23:46:16.742] [jointLog] [info] Thread saw mini-batch with a maximum of 1.70% zero probability fragments
[2021-02-13 23:46:19.805] [fileLog] [info] 
At end of round 0
==================
Observed 36547662 total fragments (36547662 in most recent round)

[2021-02-13 23:46:19.791] [jointLog] [info] Computed 365,010 rich equivalence classes for further processing
[2021-02-13 23:46:19.791] [jointLog] [info] Counted 17,866,698 total reads in the equivalence classes 
[2021-02-13 23:46:20.213] [jointLog] [info] Number of mappings discarded because of alignment score : 328,016
[2021-02-13 23:46:20.213] [jointLog] [info] Number of fragments entirely discarded because of alignment score : 55,371
[2021-02-13 23:46:20.213] [jointLog] [info] Number of fragments discarded because they are best-mapped to decoys : 0
[2021-02-13 23:46:20.213] [jointLog] [info] Number of fragments discarded because they have only dovetail (discordant) mappings : 9,048
[2021-02-13 23:46:20.213] [jointLog] [info] Mapping rate = 48.886%

[2021-02-13 23:46:20.214] [jointLog] [info] finished quantifyLibrary()
[2021-02-13 23:46:20.286] [jointLog] [info] Starting optimizer
[2021-02-13 23:46:22.337] [jointLog] [info] Marked 0 weighted equivalence classes as degenerate
[2021-02-13 23:46:22.470] [jointLog] [info] iteration = 0 | max rel diff. = 9553.62
[2021-02-13 23:46:35.381] [jointLog] [info] iteration = 100 | max rel diff. = 17.4593
[2021-02-13 23:46:48.548] [jointLog] [info] iteration = 200 | max rel diff. = 4.51175
[2021-02-13 23:47:04.017] [jointLog] [info] iteration = 300 | max rel diff. = 1.78277
[2021-02-13 23:47:17.949] [jointLog] [info] iteration = 400 | max rel diff. = 2.58995
[2021-02-13 23:47:30.861] [jointLog] [info] iteration = 500 | max rel diff. = 6.13925
[2021-02-13 23:47:43.695] [jointLog] [info] iteration = 600 | max rel diff. = 7.32422
[2021-02-13 23:47:56.503] [jointLog] [info] iteration = 700 | max rel diff. = 0.163216
[2021-02-13 23:48:09.349] [jointLog] [info] iteration = 800 | max rel diff. = 0.264172
[2021-02-13 23:48:22.396] [jointLog] [info] iteration = 900 | max rel diff. = 7.84426
[2021-02-13 23:48:35.136] [jointLog] [info] iteration = 1,000 | max rel diff. = 0.232403
[2021-02-13 23:48:47.836] [jointLog] [info] iteration = 1,100 | max rel diff. = 0.097915
[2021-02-13 23:49:00.587] [jointLog] [info] iteration = 1,200 | max rel diff. = 2.7543
[2021-02-13 23:49:13.237] [jointLog] [info] iteration = 1,300 | max rel diff. = 0.0220027
[2021-02-13 23:49:22.939] [jointLog] [info] iteration = 1,400 | max rel diff. = 0.0952155
[2021-02-13 23:49:30.441] [jointLog] [info] iteration = 1,500 | max rel diff. = 0.163285
[2021-02-13 23:49:36.811] [jointLog] [info] iteration = 1,600 | max rel diff. = 0.249123
[2021-02-13 23:49:42.678] [jointLog] [info] iteration = 1,691 | max rel diff. = 0.00475001
[2021-02-13 23:49:42.718] [jointLog] [info] Finished optimizer
[2021-02-13 23:49:42.718] [jointLog] [info] writing output 

