[2018-07-29 14:50:39.665] [jointLog] [info] parsing read library format
[2018-07-29 14:50:39.665] [jointLog] [info] There is 1 library.
[2018-07-29 14:50:39.718] [jointLog] [info] Loading Quasi index
[2018-07-29 14:50:39.718] [jointLog] [info] Loading 32-bit quasi index
[2018-07-29 14:51:06.906] [jointLog] [info] done
[2018-07-29 14:51:06.906] [jointLog] [info] Index contained 107368 targets
[2018-07-29 14:51:07.358] [jointLog] [info] Automatically detected most likely library type as IU
[2018-07-29 14:51:58.507] [jointLog] [info] Computed 182848 rich equivalence classes for further processing
[2018-07-29 14:51:58.507] [jointLog] [info] Counted 17239802 total reads in the equivalence classes 
[2018-07-29 14:51:58.599] [jointLog] [info] Mapping rate = 88.2749%

[2018-07-29 14:51:58.599] [jointLog] [info] finished quantifyLibrary()
[2018-07-29 14:51:58.618] [jointLog] [info] Starting optimizer
[2018-07-29 14:51:58.508] [fileLog] [info] 
At end of round 0
==================
Observed 19529687 total fragments (19529687 in most recent round)

[2018-07-29 14:51:58.690] [jointLog] [info] Marked 0 weighted equivalence classes as degenerate
[2018-07-29 14:51:58.697] [jointLog] [info] iteration = 0 | max rel diff. = 44.227
[2018-07-29 14:51:59.384] [jointLog] [info] iteration = 100 | max rel diff. = 0.26136
[2018-07-29 14:52:00.065] [jointLog] [info] iteration = 200 | max rel diff. = 0.072028
[2018-07-29 14:52:00.746] [jointLog] [info] iteration = 300 | max rel diff. = 0.0807625
[2018-07-29 14:52:01.431] [jointLog] [info] iteration = 400 | max rel diff. = 0.0274272
[2018-07-29 14:52:02.114] [jointLog] [info] iteration = 500 | max rel diff. = 0.021559
[2018-07-29 14:52:02.795] [jointLog] [info] iteration = 600 | max rel diff. = 0.0377671
[2018-07-29 14:52:03.478] [jointLog] [info] iteration = 700 | max rel diff. = 0.0167823
[2018-07-29 14:52:04.161] [jointLog] [info] iteration = 800 | max rel diff. = 0.0142118
[2018-07-29 14:52:04.845] [jointLog] [info] iteration = 900 | max rel diff. = 0.0130589
[2018-07-29 14:52:05.527] [jointLog] [info] iteration = 1000 | max rel diff. = 0.0122773
[2018-07-29 14:52:06.187] [jointLog] [info] iteration = 1098 | max rel diff. = 0.00948616
[2018-07-29 14:52:06.198] [jointLog] [info] Finished optimizer
[2018-07-29 14:52:06.198] [jointLog] [info] writing output 

