[2018-07-29 14:50:37.043] [jointLog] [info] parsing read library format
[2018-07-29 14:50:37.043] [jointLog] [info] There is 1 library.
[2018-07-29 14:50:37.092] [jointLog] [info] Loading Quasi index
[2018-07-29 14:50:37.092] [jointLog] [info] Loading 32-bit quasi index
[2018-07-29 14:51:03.469] [jointLog] [info] done
[2018-07-29 14:51:03.469] [jointLog] [info] Index contained 107368 targets
[2018-07-29 14:51:03.829] [jointLog] [info] Automatically detected most likely library type as IU
[2018-07-29 14:51:59.575] [fileLog] [info] 
At end of round 0
==================
Observed 20728960 total fragments (20728960 in most recent round)

[2018-07-29 14:51:59.574] [jointLog] [info] Computed 189246 rich equivalence classes for further processing
[2018-07-29 14:51:59.574] [jointLog] [info] Counted 17652258 total reads in the equivalence classes 
[2018-07-29 14:51:59.671] [jointLog] [info] Mapping rate = 85.1575%

[2018-07-29 14:51:59.671] [jointLog] [info] finished quantifyLibrary()
[2018-07-29 14:51:59.685] [jointLog] [info] Starting optimizer
[2018-07-29 14:51:59.761] [jointLog] [info] Marked 0 weighted equivalence classes as degenerate
[2018-07-29 14:51:59.768] [jointLog] [info] iteration = 0 | max rel diff. = 44.9159
[2018-07-29 14:52:00.468] [jointLog] [info] iteration = 100 | max rel diff. = 0.110593
[2018-07-29 14:52:01.168] [jointLog] [info] iteration = 200 | max rel diff. = 0.0963952
[2018-07-29 14:52:01.864] [jointLog] [info] iteration = 300 | max rel diff. = 0.060946
[2018-07-29 14:52:02.564] [jointLog] [info] iteration = 400 | max rel diff. = 0.0429613
[2018-07-29 14:52:03.261] [jointLog] [info] iteration = 500 | max rel diff. = 0.02313
[2018-07-29 14:52:03.957] [jointLog] [info] iteration = 600 | max rel diff. = 0.0318038
[2018-07-29 14:52:04.652] [jointLog] [info] iteration = 700 | max rel diff. = 0.0154747
[2018-07-29 14:52:05.349] [jointLog] [info] iteration = 800 | max rel diff. = 0.0141153
[2018-07-29 14:52:06.046] [jointLog] [info] iteration = 900 | max rel diff. = 0.0134513
[2018-07-29 14:52:06.741] [jointLog] [info] iteration = 1000 | max rel diff. = 0.0118598
[2018-07-29 14:52:07.437] [jointLog] [info] iteration = 1100 | max rel diff. = 0.0118598
[2018-07-29 14:52:07.911] [jointLog] [info] iteration = 1169 | max rel diff. = 0.00993306
[2018-07-29 14:52:07.922] [jointLog] [info] Finished optimizer
[2018-07-29 14:52:07.922] [jointLog] [info] writing output 

