[2018-07-29 14:37:24.636] [jointLog] [info] parsing read library format
[2018-07-29 14:37:24.636] [jointLog] [info] There is 1 library.
[2018-07-29 14:37:24.689] [jointLog] [info] Loading Quasi index
[2018-07-29 14:37:24.689] [jointLog] [info] Loading 32-bit quasi index
[2018-07-29 14:37:50.305] [jointLog] [info] done
[2018-07-29 14:37:50.305] [jointLog] [info] Index contained 107368 targets
[2018-07-29 14:37:50.677] [jointLog] [info] Automatically detected most likely library type as IU
[2018-07-29 14:38:48.250] [jointLog] [info] Computed 179133 rich equivalence classes for further processing
[2018-07-29 14:38:48.250] [jointLog] [info] Counted 16726728 total reads in the equivalence classes 
[2018-07-29 14:38:48.363] [jointLog] [info] Mapping rate = 82.7577%

[2018-07-29 14:38:48.363] [jointLog] [info] finished quantifyLibrary()
[2018-07-29 14:38:48.366] [jointLog] [info] Starting optimizer
[2018-07-29 14:38:48.252] [fileLog] [info] 
At end of round 0
==================
Observed 20211687 total fragments (20211687 in most recent round)

[2018-07-29 14:38:48.452] [jointLog] [info] Marked 0 weighted equivalence classes as degenerate
[2018-07-29 14:38:48.459] [jointLog] [info] iteration = 0 | max rel diff. = 43.7563
[2018-07-29 14:38:49.101] [jointLog] [info] iteration = 100 | max rel diff. = 0.115811
[2018-07-29 14:38:49.742] [jointLog] [info] iteration = 200 | max rel diff. = 0.0815588
[2018-07-29 14:38:50.380] [jointLog] [info] iteration = 300 | max rel diff. = 0.0369303
[2018-07-29 14:38:51.020] [jointLog] [info] iteration = 400 | max rel diff. = 0.0271053
[2018-07-29 14:38:51.667] [jointLog] [info] iteration = 500 | max rel diff. = 0.0220883
[2018-07-29 14:38:52.307] [jointLog] [info] iteration = 600 | max rel diff. = 0.0184478
[2018-07-29 14:38:52.946] [jointLog] [info] iteration = 700 | max rel diff. = 0.0184478
[2018-07-29 14:38:53.582] [jointLog] [info] iteration = 800 | max rel diff. = 0.0138478
[2018-07-29 14:38:54.219] [jointLog] [info] iteration = 900 | max rel diff. = 0.0121967
[2018-07-29 14:38:54.853] [jointLog] [info] iteration = 1000 | max rel diff. = 0.0111899
[2018-07-29 14:38:55.492] [jointLog] [info] iteration = 1100 | max rel diff. = 0.0111899
[2018-07-29 14:38:56.131] [jointLog] [info] iteration = 1200 | max rel diff. = 0.0111899
[2018-07-29 14:38:56.640] [jointLog] [info] iteration = 1281 | max rel diff. = 0.00859896
[2018-07-29 14:38:56.650] [jointLog] [info] Finished optimizer
[2018-07-29 14:38:56.650] [jointLog] [info] writing output 

