[2021-02-13 23:15:33.838] [jointLog] [info] Fragment incompatibility prior below threshold.  Incompatible fragments will be ignored.
[2021-02-13 23:15:33.838] [jointLog] [info] Usage of --validateMappings implies use of minScoreFraction. Since not explicitly specified, it is being set to 0.65
[2021-02-13 23:15:33.838] [jointLog] [info] Usage of --validateMappings, without --hardFilter implies use of range factorization. rangeFactorizationBins is being set to 4
[2021-02-13 23:15:33.838] [jointLog] [info] Usage of --validateMappings implies a default consensus slack of 0.2. Setting consensusSlack to 0.2.
[2021-02-13 23:15:33.839] [jointLog] [info] parsing read library format
[2021-02-13 23:15:33.839] [jointLog] [info] There is 1 library.
[2021-02-13 23:15:33.940] [jointLog] [info] Loading Quasi index
[2021-02-13 23:15:33.942] [jointLog] [info] Loading 32-bit quasi index
[2021-02-13 23:15:57.590] [jointLog] [info] done
[2021-02-13 23:15:57.590] [jointLog] [info] Index contained 117,135 targets
[2021-02-13 23:15:59.593] [jointLog] [info] Automatically detected most likely library type as ISR
[2021-02-13 23:24:49.116] [jointLog] [info] Thread saw mini-batch with a maximum of 1.50% zero probability fragments
[2021-02-13 23:24:49.128] [jointLog] [info] Thread saw mini-batch with a maximum of 1.54% zero probability fragments
[2021-02-13 23:24:49.130] [jointLog] [info] Thread saw mini-batch with a maximum of 1.68% zero probability fragments
[2021-02-13 23:24:49.157] [jointLog] [info] Thread saw mini-batch with a maximum of 1.48% zero probability fragments
[2021-02-13 23:24:49.181] [jointLog] [info] Thread saw mini-batch with a maximum of 1.52% zero probability fragments
[2021-02-13 23:24:49.205] [jointLog] [info] Thread saw mini-batch with a maximum of 1.54% zero probability fragments
[2021-02-13 23:24:49.210] [jointLog] [info] Thread saw mini-batch with a maximum of 1.54% zero probability fragments
[2021-02-13 23:24:49.236] [jointLog] [info] Thread saw mini-batch with a maximum of 1.56% zero probability fragments
[2021-02-13 23:24:49.236] [jointLog] [info] Thread saw mini-batch with a maximum of 1.46% zero probability fragments
[2021-02-13 23:24:49.258] [jointLog] [info] Thread saw mini-batch with a maximum of 1.50% zero probability fragments
[2021-02-13 23:24:49.292] [jointLog] [info] Thread saw mini-batch with a maximum of 1.50% zero probability fragments
[2021-02-13 23:24:49.373] [jointLog] [info] Thread saw mini-batch with a maximum of 1.54% zero probability fragments
[2021-02-13 23:24:49.377] [jointLog] [info] Thread saw mini-batch with a maximum of 1.44% zero probability fragments
[2021-02-13 23:24:49.428] [jointLog] [info] Thread saw mini-batch with a maximum of 1.48% zero probability fragments
[2021-02-13 23:24:49.432] [jointLog] [info] Thread saw mini-batch with a maximum of 1.62% zero probability fragments
[2021-02-13 23:24:49.439] [jointLog] [info] Thread saw mini-batch with a maximum of 1.48% zero probability fragments
[2021-02-13 23:24:51.681] [jointLog] [info] Computed 349,743 rich equivalence classes for further processing
[2021-02-13 23:24:51.681] [jointLog] [info] Counted 18,245,729 total reads in the equivalence classes 
[2021-02-13 23:24:52.027] [jointLog] [info] Number of mappings discarded because of alignment score : 275,421
[2021-02-13 23:24:52.027] [jointLog] [info] Number of fragments entirely discarded because of alignment score : 48,444
[2021-02-13 23:24:52.027] [jointLog] [info] Number of fragments discarded because they are best-mapped to decoys : 0
[2021-02-13 23:24:52.027] [jointLog] [info] Number of fragments discarded because they have only dovetail (discordant) mappings : 7,755
[2021-02-13 23:24:52.027] [jointLog] [info] Mapping rate = 50.7873%

[2021-02-13 23:24:52.027] [jointLog] [info] finished quantifyLibrary()
[2021-02-13 23:24:52.057] [jointLog] [info] Starting optimizer
[2021-02-13 23:24:51.683] [fileLog] [info] 
At end of round 0
==================
Observed 35925771 total fragments (35925771 in most recent round)

[2021-02-13 23:24:53.352] [jointLog] [info] Marked 0 weighted equivalence classes as degenerate
[2021-02-13 23:24:53.427] [jointLog] [info] iteration = 0 | max rel diff. = 9803.7
[2021-02-13 23:25:03.371] [jointLog] [info] iteration = 100 | max rel diff. = 14.4669
[2021-02-13 23:25:12.375] [jointLog] [info] iteration = 200 | max rel diff. = 8.44625
[2021-02-13 23:25:24.731] [jointLog] [info] iteration = 300 | max rel diff. = 8.70613
[2021-02-13 23:25:37.210] [jointLog] [info] iteration = 400 | max rel diff. = 0.744861
[2021-02-13 23:25:49.716] [jointLog] [info] iteration = 500 | max rel diff. = 14.5235
[2021-02-13 23:26:02.206] [jointLog] [info] iteration = 600 | max rel diff. = 0.341868
[2021-02-13 23:26:14.716] [jointLog] [info] iteration = 700 | max rel diff. = 1.08391
[2021-02-13 23:26:27.225] [jointLog] [info] iteration = 800 | max rel diff. = 0.0984478
[2021-02-13 23:26:39.574] [jointLog] [info] iteration = 900 | max rel diff. = 0.0843095
[2021-02-13 23:26:52.028] [jointLog] [info] iteration = 1,000 | max rel diff. = 0.0922148
[2021-02-13 23:27:04.355] [jointLog] [info] iteration = 1,100 | max rel diff. = 0.118243
[2021-02-13 23:27:14.816] [jointLog] [info] iteration = 1,200 | max rel diff. = 0.0186062
[2021-02-13 23:27:24.057] [jointLog] [info] iteration = 1,300 | max rel diff. = 0.1717
[2021-02-13 23:27:32.125] [jointLog] [info] iteration = 1,400 | max rel diff. = 0.0262695
[2021-02-13 23:27:40.599] [jointLog] [info] iteration = 1,500 | max rel diff. = 0.214634
[2021-02-13 23:27:49.561] [jointLog] [info] iteration = 1,600 | max rel diff. = 0.0385642
[2021-02-13 23:27:58.935] [jointLog] [info] iteration = 1,700 | max rel diff. = 0.0418523
[2021-02-13 23:28:01.147] [jointLog] [info] iteration = 1,725 | max rel diff. = 0.00446906
[2021-02-13 23:28:01.190] [jointLog] [info] Finished optimizer
[2021-02-13 23:28:01.217] [jointLog] [info] writing output 

