[2018-07-29 14:46:15.898] [jointLog] [info] parsing read library format
[2018-07-29 14:46:15.898] [jointLog] [info] There is 1 library.
[2018-07-29 14:46:15.957] [jointLog] [info] Loading Quasi index
[2018-07-29 14:46:15.957] [jointLog] [info] Loading 32-bit quasi index
[2018-07-29 14:46:38.682] [jointLog] [info] done
[2018-07-29 14:46:38.682] [jointLog] [info] Index contained 107368 targets
[2018-07-29 14:46:39.051] [jointLog] [info] Automatically detected most likely library type as IU
[2018-07-29 14:47:35.582] [jointLog] [info] Computed 180845 rich equivalence classes for further processing
[2018-07-29 14:47:35.583] [jointLog] [info] Counted 17556187 total reads in the equivalence classes 
[2018-07-29 14:47:35.583] [fileLog] [info] 
At end of round 0
==================
Observed 20008701 total fragments (20008701 in most recent round)

[2018-07-29 14:47:35.672] [jointLog] [info] Mapping rate = 87.7428%

[2018-07-29 14:47:35.672] [jointLog] [info] finished quantifyLibrary()
[2018-07-29 14:47:35.674] [jointLog] [info] Starting optimizer
[2018-07-29 14:47:35.750] [jointLog] [info] Marked 0 weighted equivalence classes as degenerate
[2018-07-29 14:47:35.756] [jointLog] [info] iteration = 0 | max rel diff. = 44.4969
[2018-07-29 14:47:36.436] [jointLog] [info] iteration = 100 | max rel diff. = 0.108884
[2018-07-29 14:47:37.111] [jointLog] [info] iteration = 200 | max rel diff. = 0.0509955
[2018-07-29 14:47:37.784] [jointLog] [info] iteration = 300 | max rel diff. = 0.037894
[2018-07-29 14:47:38.458] [jointLog] [info] iteration = 400 | max rel diff. = 0.0282849
[2018-07-29 14:47:39.133] [jointLog] [info] iteration = 500 | max rel diff. = 0.0229284
[2018-07-29 14:47:39.806] [jointLog] [info] iteration = 600 | max rel diff. = 0.0192222
[2018-07-29 14:47:40.482] [jointLog] [info] iteration = 700 | max rel diff. = 0.0160703
[2018-07-29 14:47:41.156] [jointLog] [info] iteration = 800 | max rel diff. = 0.0137515
[2018-07-29 14:47:41.825] [jointLog] [info] iteration = 900 | max rel diff. = 0.0137515
[2018-07-29 14:47:42.502] [jointLog] [info] iteration = 1000 | max rel diff. = 0.0137515
[2018-07-29 14:47:43.175] [jointLog] [info] iteration = 1100 | max rel diff. = 0.0154927
[2018-07-29 14:47:43.780] [jointLog] [info] iteration = 1191 | max rel diff. = 0.00871133
[2018-07-29 14:47:43.790] [jointLog] [info] Finished optimizer
[2018-07-29 14:47:43.790] [jointLog] [info] writing output 

