[2018-07-29 14:35:15.169] [jointLog] [info] parsing read library format
[2018-07-29 14:35:15.170] [jointLog] [info] There is 1 library.
[2018-07-29 14:35:15.263] [jointLog] [info] Loading Quasi index
[2018-07-29 14:35:15.266] [jointLog] [info] Loading 32-bit quasi index
[2018-07-29 14:35:40.752] [jointLog] [info] done
[2018-07-29 14:35:40.752] [jointLog] [info] Index contained 107368 targets
[2018-07-29 14:35:41.108] [jointLog] [info] Automatically detected most likely library type as IU
[2018-07-29 14:36:38.998] [jointLog] [info] Computed 213174 rich equivalence classes for further processing
[2018-07-29 14:36:38.998] [jointLog] [info] Counted 17254610 total reads in the equivalence classes 
[2018-07-29 14:36:39.116] [jointLog] [info] Mapping rate = 83.0654%

[2018-07-29 14:36:39.116] [jointLog] [info] finished quantifyLibrary()
[2018-07-29 14:36:39.122] [jointLog] [info] Starting optimizer
[2018-07-29 14:36:38.999] [fileLog] [info] 
At end of round 0
==================
Observed 20772320 total fragments (20772320 in most recent round)

[2018-07-29 14:36:39.205] [jointLog] [info] Marked 0 weighted equivalence classes as degenerate
[2018-07-29 14:36:39.214] [jointLog] [info] iteration = 0 | max rel diff. = 42.5489
[2018-07-29 14:36:40.008] [jointLog] [info] iteration = 100 | max rel diff. = 0.195784
[2018-07-29 14:36:40.799] [jointLog] [info] iteration = 200 | max rel diff. = 0.0536867
[2018-07-29 14:36:41.592] [jointLog] [info] iteration = 300 | max rel diff. = 0.0361264
[2018-07-29 14:36:42.386] [jointLog] [info] iteration = 400 | max rel diff. = 0.025656
[2018-07-29 14:36:43.179] [jointLog] [info] iteration = 500 | max rel diff. = 0.0231026
[2018-07-29 14:36:43.971] [jointLog] [info] iteration = 600 | max rel diff. = 0.0174129
[2018-07-29 14:36:44.763] [jointLog] [info] iteration = 700 | max rel diff. = 0.0147864
[2018-07-29 14:36:45.552] [jointLog] [info] iteration = 800 | max rel diff. = 0.0139202
[2018-07-29 14:36:46.346] [jointLog] [info] iteration = 900 | max rel diff. = 0.0122079
[2018-07-29 14:36:47.137] [jointLog] [info] iteration = 1000 | max rel diff. = 0.0121121
[2018-07-29 14:36:47.930] [jointLog] [info] iteration = 1100 | max rel diff. = 0.0121121
[2018-07-29 14:36:48.318] [jointLog] [info] iteration = 1150 | max rel diff. = 0.00920075
[2018-07-29 14:36:48.329] [jointLog] [info] Finished optimizer
[2018-07-29 14:36:48.329] [jointLog] [info] writing output 

