[2018-07-29 14:57:37.019] [jointLog] [info] parsing read library format
[2018-07-29 14:57:37.019] [jointLog] [info] There is 1 library.
[2018-07-29 14:57:37.080] [jointLog] [info] Loading Quasi index
[2018-07-29 14:57:37.080] [jointLog] [info] Loading 32-bit quasi index
[2018-07-29 14:58:00.637] [jointLog] [info] done
[2018-07-29 14:58:00.637] [jointLog] [info] Index contained 107368 targets
[2018-07-29 14:58:01.190] [jointLog] [info] Automatically detected most likely library type as IU
[2018-07-29 14:58:57.335] [fileLog] [info] 
At end of round 0
==================
Observed 18940117 total fragments (18940117 in most recent round)

[2018-07-29 14:58:57.335] [jointLog] [info] Computed 172872 rich equivalence classes for further processing
[2018-07-29 14:58:57.335] [jointLog] [info] Counted 16597698 total reads in the equivalence classes 
[2018-07-29 14:58:57.435] [jointLog] [info] Mapping rate = 87.6325%

[2018-07-29 14:58:57.435] [jointLog] [info] finished quantifyLibrary()
[2018-07-29 14:58:57.437] [jointLog] [info] Starting optimizer
[2018-07-29 14:58:57.509] [jointLog] [info] Marked 0 weighted equivalence classes as degenerate
[2018-07-29 14:58:57.515] [jointLog] [info] iteration = 0 | max rel diff. = 37.9135
[2018-07-29 14:58:58.121] [jointLog] [info] iteration = 100 | max rel diff. = 0.205544
[2018-07-29 14:58:58.721] [jointLog] [info] iteration = 200 | max rel diff. = 0.0531561
[2018-07-29 14:58:59.325] [jointLog] [info] iteration = 300 | max rel diff. = 0.038076
[2018-07-29 14:58:59.923] [jointLog] [info] iteration = 400 | max rel diff. = 0.0273061
[2018-07-29 14:59:00.526] [jointLog] [info] iteration = 500 | max rel diff. = 0.021963
[2018-07-29 14:59:01.128] [jointLog] [info] iteration = 600 | max rel diff. = 0.0180609
[2018-07-29 14:59:01.728] [jointLog] [info] iteration = 700 | max rel diff. = 0.0154729
[2018-07-29 14:59:02.324] [jointLog] [info] iteration = 800 | max rel diff. = 0.0144432
[2018-07-29 14:59:02.928] [jointLog] [info] iteration = 900 | max rel diff. = 0.0118412
[2018-07-29 14:59:03.530] [jointLog] [info] iteration = 1000 | max rel diff. = 0.0105959
[2018-07-29 14:59:04.055] [jointLog] [info] iteration = 1089 | max rel diff. = 0.00961198
[2018-07-29 14:59:04.066] [jointLog] [info] Finished optimizer
[2018-07-29 14:59:04.066] [jointLog] [info] writing output 

