[2021-02-13 23:36:33.974] [jointLog] [info] Fragment incompatibility prior below threshold.  Incompatible fragments will be ignored.
[2021-02-13 23:36:33.974] [jointLog] [info] Usage of --validateMappings implies use of minScoreFraction. Since not explicitly specified, it is being set to 0.65
[2021-02-13 23:36:33.974] [jointLog] [info] Usage of --validateMappings, without --hardFilter implies use of range factorization. rangeFactorizationBins is being set to 4
[2021-02-13 23:36:33.974] [jointLog] [info] Usage of --validateMappings implies a default consensus slack of 0.2. Setting consensusSlack to 0.2.
[2021-02-13 23:36:33.974] [jointLog] [info] parsing read library format
[2021-02-13 23:36:33.974] [jointLog] [info] There is 1 library.
[2021-02-13 23:36:34.030] [jointLog] [info] Loading Quasi index
[2021-02-13 23:36:34.030] [jointLog] [info] Loading 32-bit quasi index
[2021-02-13 23:36:57.686] [jointLog] [info] done
[2021-02-13 23:36:57.686] [jointLog] [info] Index contained 117,135 targets
[2021-02-13 23:36:59.621] [jointLog] [info] Automatically detected most likely library type as ISR
[2021-02-13 23:49:15.213] [jointLog] [info] Thread saw mini-batch with a maximum of 1.94% zero probability fragments
[2021-02-13 23:49:15.213] [jointLog] [info] Thread saw mini-batch with a maximum of 1.84% zero probability fragments
[2021-02-13 23:49:15.213] [jointLog] [info] Thread saw mini-batch with a maximum of 1.98% zero probability fragments
[2021-02-13 23:49:15.213] [jointLog] [info] Thread saw mini-batch with a maximum of 1.94% zero probability fragments
[2021-02-13 23:49:15.213] [jointLog] [info] Thread saw mini-batch with a maximum of 1.92% zero probability fragments
[2021-02-13 23:49:15.213] [jointLog] [info] Thread saw mini-batch with a maximum of 1.94% zero probability fragments
[2021-02-13 23:49:15.215] [jointLog] [info] Thread saw mini-batch with a maximum of 2.00% zero probability fragments
[2021-02-13 23:49:15.289] [jointLog] [info] Thread saw mini-batch with a maximum of 1.84% zero probability fragments
[2021-02-13 23:49:15.301] [jointLog] [info] Thread saw mini-batch with a maximum of 1.90% zero probability fragments
[2021-02-13 23:49:15.343] [jointLog] [info] Thread saw mini-batch with a maximum of 1.80% zero probability fragments
[2021-02-13 23:49:15.349] [jointLog] [info] Thread saw mini-batch with a maximum of 1.96% zero probability fragments
[2021-02-13 23:49:15.401] [jointLog] [info] Thread saw mini-batch with a maximum of 1.82% zero probability fragments
[2021-02-13 23:49:15.408] [jointLog] [info] Thread saw mini-batch with a maximum of 1.86% zero probability fragments
[2021-02-13 23:49:15.421] [jointLog] [info] Thread saw mini-batch with a maximum of 1.80% zero probability fragments
[2021-02-13 23:49:15.425] [jointLog] [info] Thread saw mini-batch with a maximum of 1.84% zero probability fragments
[2021-02-13 23:49:15.425] [jointLog] [info] Thread saw mini-batch with a maximum of 1.86% zero probability fragments
[2021-02-13 23:49:18.254] [fileLog] [info] 
At end of round 0
==================
Observed 49309149 total fragments (49309149 in most recent round)

[2021-02-13 23:49:18.253] [jointLog] [info] Computed 408,511 rich equivalence classes for further processing
[2021-02-13 23:49:18.253] [jointLog] [info] Counted 22,378,001 total reads in the equivalence classes 
[2021-02-13 23:49:18.563] [jointLog] [info] Number of mappings discarded because of alignment score : 482,440
[2021-02-13 23:49:18.563] [jointLog] [info] Number of fragments entirely discarded because of alignment score : 81,271
[2021-02-13 23:49:18.563] [jointLog] [info] Number of fragments discarded because they are best-mapped to decoys : 0
[2021-02-13 23:49:18.563] [jointLog] [info] Number of fragments discarded because they have only dovetail (discordant) mappings : 13,528
[2021-02-13 23:49:18.563] [jointLog] [info] Mapping rate = 45.3831%

[2021-02-13 23:49:18.563] [jointLog] [info] finished quantifyLibrary()
[2021-02-13 23:49:18.616] [jointLog] [info] Starting optimizer
[2021-02-13 23:49:43.307] [jointLog] [info] Marked 0 weighted equivalence classes as degenerate
[2021-02-13 23:49:43.416] [jointLog] [info] iteration = 0 | max rel diff. = 10440.9
[2021-02-13 23:49:48.704] [jointLog] [info] iteration = 100 | max rel diff. = 17.815
[2021-02-13 23:49:52.381] [jointLog] [info] iteration = 200 | max rel diff. = 3.07344
[2021-02-13 23:49:56.078] [jointLog] [info] iteration = 300 | max rel diff. = 1.95756
[2021-02-13 23:49:59.717] [jointLog] [info] iteration = 400 | max rel diff. = 0.397337
[2021-02-13 23:50:03.380] [jointLog] [info] iteration = 500 | max rel diff. = 2.10482
[2021-02-13 23:50:07.062] [jointLog] [info] iteration = 600 | max rel diff. = 1.26326
[2021-02-13 23:50:10.726] [jointLog] [info] iteration = 700 | max rel diff. = 0.793951
[2021-02-13 23:50:14.393] [jointLog] [info] iteration = 800 | max rel diff. = 0.083182
[2021-02-13 23:50:18.049] [jointLog] [info] iteration = 900 | max rel diff. = 0.135879
[2021-02-13 23:50:21.710] [jointLog] [info] iteration = 1,000 | max rel diff. = 0.329481
[2021-02-13 23:50:25.387] [jointLog] [info] iteration = 1,100 | max rel diff. = 0.0697217
[2021-02-13 23:50:29.062] [jointLog] [info] iteration = 1,200 | max rel diff. = 0.159474
[2021-02-13 23:50:32.731] [jointLog] [info] iteration = 1,300 | max rel diff. = 0.0201634
[2021-02-13 23:50:36.432] [jointLog] [info] iteration = 1,400 | max rel diff. = 0.0134161
[2021-02-13 23:50:40.107] [jointLog] [info] iteration = 1,500 | max rel diff. = 0.0340975
[2021-02-13 23:50:43.802] [jointLog] [info] iteration = 1,600 | max rel diff. = 0.110898
[2021-02-13 23:50:47.466] [jointLog] [info] iteration = 1,700 | max rel diff. = 0.130468
[2021-02-13 23:50:47.794] [jointLog] [info] iteration = 1,710 | max rel diff. = 0.00602798
[2021-02-13 23:50:47.804] [jointLog] [info] Finished optimizer
[2021-02-13 23:50:47.804] [jointLog] [info] writing output 

