[2018-07-29 14:44:05.038] [jointLog] [info] parsing read library format
[2018-07-29 14:44:05.038] [jointLog] [info] There is 1 library.
[2018-07-29 14:44:05.096] [jointLog] [info] Loading Quasi index
[2018-07-29 14:44:05.096] [jointLog] [info] Loading 32-bit quasi index
[2018-07-29 14:44:37.744] [jointLog] [info] done
[2018-07-29 14:44:37.744] [jointLog] [info] Index contained 107368 targets
[2018-07-29 14:44:38.100] [jointLog] [info] Automatically detected most likely library type as IU
[2018-07-29 14:45:31.076] [jointLog] [info] Computed 182151 rich equivalence classes for further processing
[2018-07-29 14:45:31.076] [jointLog] [info] Counted 17453699 total reads in the equivalence classes 
[2018-07-29 14:45:31.159] [jointLog] [info] Mapping rate = 88.0173%

[2018-07-29 14:45:31.159] [jointLog] [info] finished quantifyLibrary()
[2018-07-29 14:45:31.176] [jointLog] [info] Starting optimizer
[2018-07-29 14:45:31.076] [fileLog] [info] 
At end of round 0
==================
Observed 19829844 total fragments (19829844 in most recent round)

[2018-07-29 14:45:31.252] [jointLog] [info] Marked 0 weighted equivalence classes as degenerate
[2018-07-29 14:45:31.259] [jointLog] [info] iteration = 0 | max rel diff. = 45.0764
[2018-07-29 14:45:31.929] [jointLog] [info] iteration = 100 | max rel diff. = 0.105808
[2018-07-29 14:45:32.590] [jointLog] [info] iteration = 200 | max rel diff. = 0.0539777
[2018-07-29 14:45:33.248] [jointLog] [info] iteration = 300 | max rel diff. = 0.0356203
[2018-07-29 14:45:33.902] [jointLog] [info] iteration = 400 | max rel diff. = 0.0289057
[2018-07-29 14:45:34.560] [jointLog] [info] iteration = 500 | max rel diff. = 0.0212535
[2018-07-29 14:45:35.221] [jointLog] [info] iteration = 600 | max rel diff. = 0.0267773
[2018-07-29 14:45:35.876] [jointLog] [info] iteration = 700 | max rel diff. = 0.0165559
[2018-07-29 14:45:36.532] [jointLog] [info] iteration = 800 | max rel diff. = 0.0130703
[2018-07-29 14:45:37.188] [jointLog] [info] iteration = 900 | max rel diff. = 0.0130201
[2018-07-29 14:45:37.847] [jointLog] [info] iteration = 1000 | max rel diff. = 0.0109628
[2018-07-29 14:45:38.502] [jointLog] [info] iteration = 1100 | max rel diff. = 0.0109629
[2018-07-29 14:45:39.161] [jointLog] [info] iteration = 1200 | max rel diff. = 0.0102557
[2018-07-29 14:45:39.817] [jointLog] [info] iteration = 1300 | max rel diff. = 0.0102557
[2018-07-29 14:45:40.186] [jointLog] [info] iteration = 1357 | max rel diff. = 0.0076498
[2018-07-29 14:45:40.198] [jointLog] [info] Finished optimizer
[2018-07-29 14:45:40.198] [jointLog] [info] writing output 

