[2018-07-29 14:37:21.602] [jointLog] [info] parsing read library format
[2018-07-29 14:37:21.602] [jointLog] [info] There is 1 library.
[2018-07-29 14:37:21.656] [jointLog] [info] Loading Quasi index
[2018-07-29 14:37:21.656] [jointLog] [info] Loading 32-bit quasi index
[2018-07-29 14:37:47.157] [jointLog] [info] done
[2018-07-29 14:37:47.157] [jointLog] [info] Index contained 107368 targets
[2018-07-29 14:37:47.527] [jointLog] [info] Automatically detected most likely library type as IU
[2018-07-29 14:38:47.987] [fileLog] [info] 
At end of round 0
==================
Observed 21325912 total fragments (21325912 in most recent round)

[2018-07-29 14:38:47.985] [jointLog] [info] Computed 189646 rich equivalence classes for further processing
[2018-07-29 14:38:47.985] [jointLog] [info] Counted 18650177 total reads in the equivalence classes 
[2018-07-29 14:38:48.084] [jointLog] [info] Mapping rate = 87.4531%

[2018-07-29 14:38:48.084] [jointLog] [info] finished quantifyLibrary()
[2018-07-29 14:38:48.093] [jointLog] [info] Starting optimizer
[2018-07-29 14:38:48.170] [jointLog] [info] Marked 0 weighted equivalence classes as degenerate
[2018-07-29 14:38:48.178] [jointLog] [info] iteration = 0 | max rel diff. = 46.1589
[2018-07-29 14:38:48.899] [jointLog] [info] iteration = 100 | max rel diff. = 0.215992
[2018-07-29 14:38:49.617] [jointLog] [info] iteration = 200 | max rel diff. = 0.0608916
[2018-07-29 14:38:50.338] [jointLog] [info] iteration = 300 | max rel diff. = 0.0400853
[2018-07-29 14:38:51.057] [jointLog] [info] iteration = 400 | max rel diff. = 0.0270812
[2018-07-29 14:38:51.774] [jointLog] [info] iteration = 500 | max rel diff. = 0.0204027
[2018-07-29 14:38:52.492] [jointLog] [info] iteration = 600 | max rel diff. = 0.0185057
[2018-07-29 14:38:53.213] [jointLog] [info] iteration = 700 | max rel diff. = 0.01475
[2018-07-29 14:38:53.930] [jointLog] [info] iteration = 800 | max rel diff. = 0.0139063
[2018-07-29 14:38:54.648] [jointLog] [info] iteration = 900 | max rel diff. = 0.0128347
[2018-07-29 14:38:55.367] [jointLog] [info] iteration = 1000 | max rel diff. = 0.0128347
[2018-07-29 14:38:55.964] [jointLog] [info] iteration = 1084 | max rel diff. = 0.00997763
[2018-07-29 14:38:55.975] [jointLog] [info] Finished optimizer
[2018-07-29 14:38:55.975] [jointLog] [info] writing output 

