[2018-07-29 14:39:41.883] [jointLog] [info] parsing read library format
[2018-07-29 14:39:41.883] [jointLog] [info] There is 1 library.
[2018-07-29 14:39:41.936] [jointLog] [info] Loading Quasi index
[2018-07-29 14:39:41.936] [jointLog] [info] Loading 32-bit quasi index
[2018-07-29 14:40:04.674] [jointLog] [info] done
[2018-07-29 14:40:04.674] [jointLog] [info] Index contained 107368 targets
[2018-07-29 14:40:05.060] [jointLog] [info] Automatically detected most likely library type as IU
[2018-07-29 14:41:01.406] [fileLog] [info] 
At end of round 0
==================
Observed 20482947 total fragments (20482947 in most recent round)

[2018-07-29 14:41:01.405] [jointLog] [info] Computed 184432 rich equivalence classes for further processing
[2018-07-29 14:41:01.405] [jointLog] [info] Counted 17229601 total reads in the equivalence classes 
[2018-07-29 14:41:01.506] [jointLog] [info] Mapping rate = 84.1168%

[2018-07-29 14:41:01.506] [jointLog] [info] finished quantifyLibrary()
[2018-07-29 14:41:01.508] [jointLog] [info] Starting optimizer
[2018-07-29 14:41:01.579] [jointLog] [info] Marked 0 weighted equivalence classes as degenerate
[2018-07-29 14:41:01.586] [jointLog] [info] iteration = 0 | max rel diff. = 45.6968
[2018-07-29 14:41:02.244] [jointLog] [info] iteration = 100 | max rel diff. = 0.132119
[2018-07-29 14:41:02.902] [jointLog] [info] iteration = 200 | max rel diff. = 0.0526891
[2018-07-29 14:41:03.557] [jointLog] [info] iteration = 300 | max rel diff. = 0.038181
[2018-07-29 14:41:04.211] [jointLog] [info] iteration = 400 | max rel diff. = 0.028092
[2018-07-29 14:41:04.864] [jointLog] [info] iteration = 500 | max rel diff. = 0.019998
[2018-07-29 14:41:05.519] [jointLog] [info] iteration = 600 | max rel diff. = 0.0172078
[2018-07-29 14:41:06.172] [jointLog] [info] iteration = 700 | max rel diff. = 0.0164105
[2018-07-29 14:41:06.824] [jointLog] [info] iteration = 800 | max rel diff. = 0.0145819
[2018-07-29 14:41:07.480] [jointLog] [info] iteration = 900 | max rel diff. = 0.0145819
[2018-07-29 14:41:08.024] [jointLog] [info] iteration = 984 | max rel diff. = 0.0099747
[2018-07-29 14:41:08.035] [jointLog] [info] Finished optimizer
[2018-07-29 14:41:08.035] [jointLog] [info] writing output 

