[2018-07-29 14:57:34.522] [jointLog] [info] parsing read library format
[2018-07-29 14:57:34.522] [jointLog] [info] There is 1 library.
[2018-07-29 14:57:34.582] [jointLog] [info] Loading Quasi index
[2018-07-29 14:57:34.582] [jointLog] [info] Loading 32-bit quasi index
[2018-07-29 14:57:58.082] [jointLog] [info] done
[2018-07-29 14:57:58.082] [jointLog] [info] Index contained 107368 targets
[2018-07-29 14:57:58.707] [jointLog] [info] Automatically detected most likely library type as IU
[2018-07-29 14:58:54.297] [fileLog] [info] 
At end of round 0
==================
Observed 20146415 total fragments (20146415 in most recent round)

[2018-07-29 14:58:54.296] [jointLog] [info] Computed 200180 rich equivalence classes for further processing
[2018-07-29 14:58:54.296] [jointLog] [info] Counted 14228010 total reads in the equivalence classes 
[2018-07-29 14:58:54.481] [jointLog] [info] Mapping rate = 70.623%

[2018-07-29 14:58:54.481] [jointLog] [info] finished quantifyLibrary()
[2018-07-29 14:58:54.489] [jointLog] [info] Starting optimizer
[2018-07-29 14:58:54.568] [jointLog] [info] Marked 0 weighted equivalence classes as degenerate
[2018-07-29 14:58:54.575] [jointLog] [info] iteration = 0 | max rel diff. = 37.7532
[2018-07-29 14:58:55.255] [jointLog] [info] iteration = 100 | max rel diff. = 0.128884
[2018-07-29 14:58:55.931] [jointLog] [info] iteration = 200 | max rel diff. = 0.0526543
[2018-07-29 14:58:56.608] [jointLog] [info] iteration = 300 | max rel diff. = 0.0351578
[2018-07-29 14:58:57.287] [jointLog] [info] iteration = 400 | max rel diff. = 0.0275404
[2018-07-29 14:58:57.963] [jointLog] [info] iteration = 500 | max rel diff. = 0.0225345
[2018-07-29 14:58:58.636] [jointLog] [info] iteration = 600 | max rel diff. = 0.0179714
[2018-07-29 14:58:59.310] [jointLog] [info] iteration = 700 | max rel diff. = 0.016924
[2018-07-29 14:58:59.989] [jointLog] [info] iteration = 800 | max rel diff. = 0.013307
[2018-07-29 14:59:00.664] [jointLog] [info] iteration = 900 | max rel diff. = 0.0133071
[2018-07-29 14:59:01.342] [jointLog] [info] iteration = 1000 | max rel diff. = 0.0120894
[2018-07-29 14:59:02.017] [jointLog] [info] iteration = 1100 | max rel diff. = 0.0120894
[2018-07-29 14:59:02.402] [jointLog] [info] iteration = 1158 | max rel diff. = 0.00900818
[2018-07-29 14:59:02.412] [jointLog] [info] Finished optimizer
[2018-07-29 14:59:02.412] [jointLog] [info] writing output 

