[2018-07-29 14:41:49.835] [jointLog] [info] parsing read library format
[2018-07-29 14:41:49.835] [jointLog] [info] There is 1 library.
[2018-07-29 14:41:49.900] [jointLog] [info] Loading Quasi index
[2018-07-29 14:41:49.900] [jointLog] [info] Loading 32-bit quasi index
[2018-07-29 14:42:14.538] [jointLog] [info] done
[2018-07-29 14:42:14.538] [jointLog] [info] Index contained 107368 targets
[2018-07-29 14:42:14.951] [jointLog] [info] Automatically detected most likely library type as IU
[2018-07-29 14:43:08.324] [jointLog] [info] Computed 181451 rich equivalence classes for further processing
[2018-07-29 14:43:08.324] [jointLog] [info] Counted 17096214 total reads in the equivalence classes 
[2018-07-29 14:43:08.419] [jointLog] [info] Mapping rate = 86.6372%

[2018-07-29 14:43:08.419] [jointLog] [info] finished quantifyLibrary()
[2018-07-29 14:43:08.324] [fileLog] [info] 
At end of round 0
==================
Observed 19733103 total fragments (19733103 in most recent round)

[2018-07-29 14:43:08.478] [jointLog] [info] Starting optimizer
[2018-07-29 14:43:08.553] [jointLog] [info] Marked 0 weighted equivalence classes as degenerate
[2018-07-29 14:43:08.560] [jointLog] [info] iteration = 0 | max rel diff. = 43.5712
[2018-07-29 14:43:09.246] [jointLog] [info] iteration = 100 | max rel diff. = 0.119531
[2018-07-29 14:43:09.933] [jointLog] [info] iteration = 200 | max rel diff. = 0.0571805
[2018-07-29 14:43:10.612] [jointLog] [info] iteration = 300 | max rel diff. = 0.0574275
[2018-07-29 14:43:11.293] [jointLog] [info] iteration = 400 | max rel diff. = 0.0257137
[2018-07-29 14:43:11.977] [jointLog] [info] iteration = 500 | max rel diff. = 0.0303819
[2018-07-29 14:43:12.661] [jointLog] [info] iteration = 600 | max rel diff. = 0.019532
[2018-07-29 14:43:13.345] [jointLog] [info] iteration = 700 | max rel diff. = 0.0160737
[2018-07-29 14:43:14.026] [jointLog] [info] iteration = 800 | max rel diff. = 0.0140825
[2018-07-29 14:43:14.706] [jointLog] [info] iteration = 900 | max rel diff. = 0.0138901
[2018-07-29 14:43:15.388] [jointLog] [info] iteration = 1000 | max rel diff. = 0.0108076
[2018-07-29 14:43:16.070] [jointLog] [info] iteration = 1100 | max rel diff. = 0.0100324
[2018-07-29 14:43:16.104] [jointLog] [info] iteration = 1106 | max rel diff. = 0.00983968
[2018-07-29 14:43:16.115] [jointLog] [info] Finished optimizer
[2018-07-29 14:43:16.115] [jointLog] [info] writing output 

