[2018-07-29 14:46:12.581] [jointLog] [info] parsing read library format
[2018-07-29 14:46:12.581] [jointLog] [info] There is 1 library.
[2018-07-29 14:46:12.635] [jointLog] [info] Loading Quasi index
[2018-07-29 14:46:12.635] [jointLog] [info] Loading 32-bit quasi index
[2018-07-29 14:46:36.744] [jointLog] [info] done
[2018-07-29 14:46:36.744] [jointLog] [info] Index contained 107368 targets
[2018-07-29 14:46:37.083] [jointLog] [info] Automatically detected most likely library type as IU
[2018-07-29 14:47:35.940] [fileLog] [info] 
At end of round 0
==================
Observed 20628422 total fragments (20628422 in most recent round)

[2018-07-29 14:47:35.940] [jointLog] [info] Computed 187658 rich equivalence classes for further processing
[2018-07-29 14:47:35.940] [jointLog] [info] Counted 17867677 total reads in the equivalence classes 
[2018-07-29 14:47:36.034] [jointLog] [info] Mapping rate = 86.6168%

[2018-07-29 14:47:36.034] [jointLog] [info] finished quantifyLibrary()
[2018-07-29 14:47:36.043] [jointLog] [info] Starting optimizer
[2018-07-29 14:47:36.118] [jointLog] [info] Marked 0 weighted equivalence classes as degenerate
[2018-07-29 14:47:36.125] [jointLog] [info] iteration = 0 | max rel diff. = 45.5955
[2018-07-29 14:47:36.822] [jointLog] [info] iteration = 100 | max rel diff. = 0.110049
[2018-07-29 14:47:37.513] [jointLog] [info] iteration = 200 | max rel diff. = 0.0540284
[2018-07-29 14:47:38.205] [jointLog] [info] iteration = 300 | max rel diff. = 0.0659157
[2018-07-29 14:47:38.899] [jointLog] [info] iteration = 400 | max rel diff. = 0.0265943
[2018-07-29 14:47:39.591] [jointLog] [info] iteration = 500 | max rel diff. = 0.0235771
[2018-07-29 14:47:40.284] [jointLog] [info] iteration = 600 | max rel diff. = 0.0176074
[2018-07-29 14:47:40.978] [jointLog] [info] iteration = 700 | max rel diff. = 0.0150848
[2018-07-29 14:47:41.670] [jointLog] [info] iteration = 800 | max rel diff. = 0.0134903
[2018-07-29 14:47:42.364] [jointLog] [info] iteration = 900 | max rel diff. = 0.0120971
[2018-07-29 14:47:43.056] [jointLog] [info] iteration = 1000 | max rel diff. = 0.020269
[2018-07-29 14:47:43.518] [jointLog] [info] iteration = 1068 | max rel diff. = 0.00997213
[2018-07-29 14:47:43.528] [jointLog] [info] Finished optimizer
[2018-07-29 14:47:43.528] [jointLog] [info] writing output 

