[2021-02-13 23:15:33.837] [jointLog] [info] Fragment incompatibility prior below threshold.  Incompatible fragments will be ignored.
[2021-02-13 23:15:33.837] [jointLog] [info] Usage of --validateMappings implies use of minScoreFraction. Since not explicitly specified, it is being set to 0.65
[2021-02-13 23:15:33.837] [jointLog] [info] Usage of --validateMappings, without --hardFilter implies use of range factorization. rangeFactorizationBins is being set to 4
[2021-02-13 23:15:33.837] [jointLog] [info] Usage of --validateMappings implies a default consensus slack of 0.2. Setting consensusSlack to 0.2.
[2021-02-13 23:15:33.837] [jointLog] [info] parsing read library format
[2021-02-13 23:15:33.837] [jointLog] [info] There is 1 library.
[2021-02-13 23:15:33.940] [jointLog] [info] Loading Quasi index
[2021-02-13 23:15:33.942] [jointLog] [info] Loading 32-bit quasi index
[2021-02-13 23:15:57.578] [jointLog] [info] done
[2021-02-13 23:15:57.578] [jointLog] [info] Index contained 117,135 targets
[2021-02-13 23:15:59.421] [jointLog] [info] Automatically detected most likely library type as ISR
[2021-02-13 23:24:13.684] [jointLog] [info] Thread saw mini-batch with a maximum of 1.76% zero probability fragments
[2021-02-13 23:24:13.877] [jointLog] [info] Thread saw mini-batch with a maximum of 1.70% zero probability fragments
[2021-02-13 23:24:13.902] [jointLog] [info] Thread saw mini-batch with a maximum of 1.62% zero probability fragments
[2021-02-13 23:24:13.964] [jointLog] [info] Thread saw mini-batch with a maximum of 1.78% zero probability fragments
[2021-02-13 23:24:13.968] [jointLog] [info] Thread saw mini-batch with a maximum of 1.70% zero probability fragments
[2021-02-13 23:24:14.018] [jointLog] [info] Thread saw mini-batch with a maximum of 1.72% zero probability fragments
[2021-02-13 23:24:14.126] [jointLog] [info] Thread saw mini-batch with a maximum of 1.72% zero probability fragments
[2021-02-13 23:24:14.188] [jointLog] [info] Thread saw mini-batch with a maximum of 1.64% zero probability fragments
[2021-02-13 23:24:14.249] [jointLog] [info] Thread saw mini-batch with a maximum of 1.70% zero probability fragments
[2021-02-13 23:24:14.258] [jointLog] [info] Thread saw mini-batch with a maximum of 1.72% zero probability fragments
[2021-02-13 23:24:14.269] [jointLog] [info] Thread saw mini-batch with a maximum of 1.78% zero probability fragments
[2021-02-13 23:24:14.317] [jointLog] [info] Thread saw mini-batch with a maximum of 1.70% zero probability fragments
[2021-02-13 23:24:14.359] [jointLog] [info] Thread saw mini-batch with a maximum of 1.76% zero probability fragments
[2021-02-13 23:24:14.371] [jointLog] [info] Thread saw mini-batch with a maximum of 1.66% zero probability fragments
[2021-02-13 23:24:14.431] [jointLog] [info] Thread saw mini-batch with a maximum of 1.90% zero probability fragments
[2021-02-13 23:24:14.458] [jointLog] [info] Thread saw mini-batch with a maximum of 1.70% zero probability fragments
[2021-02-13 23:24:21.048] [fileLog] [info] 
At end of round 0
==================
Observed 32254696 total fragments (32254696 in most recent round)

[2021-02-13 23:24:21.044] [jointLog] [info] Computed 339,985 rich equivalence classes for further processing
[2021-02-13 23:24:21.044] [jointLog] [info] Counted 16,239,224 total reads in the equivalence classes 
[2021-02-13 23:24:21.721] [jointLog] [info] Number of mappings discarded because of alignment score : 265,511
[2021-02-13 23:24:21.721] [jointLog] [info] Number of fragments entirely discarded because of alignment score : 44,768
[2021-02-13 23:24:21.721] [jointLog] [info] Number of fragments discarded because they are best-mapped to decoys : 0
[2021-02-13 23:24:21.721] [jointLog] [info] Number of fragments discarded because they have only dovetail (discordant) mappings : 11,648
[2021-02-13 23:24:21.721] [jointLog] [info] Mapping rate = 50.3469%

[2021-02-13 23:24:21.721] [jointLog] [info] finished quantifyLibrary()
[2021-02-13 23:24:21.824] [jointLog] [info] Starting optimizer
[2021-02-13 23:25:08.513] [jointLog] [info] Marked 0 weighted equivalence classes as degenerate
[2021-02-13 23:25:08.648] [jointLog] [info] iteration = 0 | max rel diff. = 9352.82
[2021-02-13 23:25:20.896] [jointLog] [info] iteration = 100 | max rel diff. = 16.6529
[2021-02-13 23:25:33.263] [jointLog] [info] iteration = 200 | max rel diff. = 16.906
[2021-02-13 23:25:45.540] [jointLog] [info] iteration = 300 | max rel diff. = 0.963853
[2021-02-13 23:25:57.715] [jointLog] [info] iteration = 400 | max rel diff. = 0.220544
[2021-02-13 23:26:09.567] [jointLog] [info] iteration = 500 | max rel diff. = 0.306238
[2021-02-13 23:26:21.656] [jointLog] [info] iteration = 600 | max rel diff. = 0.35131
[2021-02-13 23:26:33.869] [jointLog] [info] iteration = 700 | max rel diff. = 0.0621434
[2021-02-13 23:26:45.932] [jointLog] [info] iteration = 800 | max rel diff. = 0.0700525
[2021-02-13 23:26:58.214] [jointLog] [info] iteration = 900 | max rel diff. = 0.165491
[2021-02-13 23:27:04.146] [jointLog] [info] iteration = 950 | max rel diff. = 0.00596303
[2021-02-13 23:27:04.206] [jointLog] [info] Finished optimizer
[2021-02-13 23:27:04.206] [jointLog] [info] writing output 

